<?xml version="1.0" encoding="UTF-8"?>
<!-- Generated by org.testng.reporters.JUnitXMLReporter -->
<testsuite ignored="3" hostname="Roshan_Laptop" failures="0" tests="1" name="Default test" time="6.054" errors="0" timestamp="2025-12-17T00:29:56 MST">
  <testcase classname="tests.AutomationPracticeTest" name="alertTest" time="0.228"/>
  <testcase classname="tests.AutomationPracticeTest" name="radioButtonTest" time="0.0">
    <ignored/>
  </testcase> <!-- radioButtonTest -->
  <testcase classname="tests.AutomationPracticeTest" name="checkboxTest" time="0.0">
    <ignored/>
  </testcase> <!-- checkboxTest -->
  <testcase classname="tests.AutomationPracticeTest" name="dropdownTest" time="0.0">
    <ignored/>
  </testcase> <!-- dropdownTest -->
</testsuite> <!-- Default test -->
