<?xml version="1.0" encoding="UTF-8"?>
<!-- Generated by org.testng.reporters.JUnitXMLReporter -->
<testsuite ignored="0" hostname="Roshan_Laptop" failures="0" tests="4" name="UI Tests" time="32.618" errors="0" timestamp="2025-12-17T00:34:21 MST">
  <testcase classname="tests.AutomationPracticeTest" name="alertTest" time="0.257"/>
  <testcase classname="tests.AutomationPracticeTest" name="checkboxTest" time="0.237"/>
  <testcase classname="tests.AutomationPracticeTest" name="dropdownTest" time="0.179"/>
  <testcase classname="tests.AutomationPracticeTest" name="radioButtonTest" time="0.244"/>
</testsuite> <!-- UI Tests -->
