<?xml version="1.0" encoding="UTF-8"?>
<!-- Generated by org.testng.reporters.JUnitXMLReporter -->
<testsuite ignored="0" hostname="Roshan_Laptop" failures="0" tests="4" name="UI Tests" time="15.833" errors="0" timestamp="2025-12-17T00:43:47 MST">
  <testcase classname="tests.AutomationPracticeTest" name="alertTest" time="1.817"/>
  <testcase classname="tests.AutomationPracticeTest" name="checkboxTest" time="0.149"/>
  <testcase classname="tests.AutomationPracticeTest" name="dropdownTest" time="0.139"/>
  <testcase classname="tests.AutomationPracticeTest" name="radioButtonTest" time="0.154"/>
</testsuite> <!-- UI Tests -->
