<?xml version="1.0" encoding="UTF-8"?>
<!-- Generated by org.testng.reporters.JUnitXMLReporter -->
<testsuite ignored="0" hostname="Roshan_Laptop" failures="1" tests="4" name="UI Tests" time="17.916" errors="0" timestamp="2025-12-17T00:14:40 MST">
  <testcase classname="tests.AutomationPracticeTest" name="alertTest" time="0.302">
    <failure type="java.lang.AssertionError" message="Alert text validated expected [true] but found [false]">
      <![CDATA[java.lang.AssertionError: Alert text validated expected [true] but found [false]
at tests.AutomationPracticeTest.alertTest(AutomationPracticeTest.java:38)
at java.base/java.util.ArrayList.forEach(ArrayList.java:1604)
... Removed 28 stack frames]]>
    </failure>
  </testcase> <!-- alertTest -->
  <testcase classname="tests.AutomationPracticeTest" name="checkboxTest" time="0.199"/>
  <testcase classname="tests.AutomationPracticeTest" name="dropdownTest" time="0.202"/>
  <testcase classname="tests.AutomationPracticeTest" name="radioButtonTest" time="0.226"/>
</testsuite> <!-- UI Tests -->
