<?xml version="1.0" encoding="UTF-8"?>
<testng-results ignored="0" total="1" passed="1" failed="0" skipped="0">
  <reporter-output>
  </reporter-output>
  <suite started-at="2025-12-17T00:29:50 MST" name="Default suite" finished-at="2025-12-17T00:29:56 MST" duration-ms="6054">
    <groups>
    </groups>
    <test started-at="2025-12-17T00:29:50 MST" name="Default test" finished-at="2025-12-17T00:29:56 MST" duration-ms="6054">
      <class name="tests.AutomationPracticeTest">
        <test-method is-config="true" signature="setUp()[pri:0, instance:tests.AutomationPracticeTest@6f96c77]" started-at="2025-12-17T00:29:50 MST" name="setUp" finished-at="2025-12-17T00:29:55 MST" duration-ms="5626" status="PASS">
          <reporter-output>
          </reporter-output>
        </test-method> <!-- setUp -->
        <test-method signature="alertTest()[pri:0, instance:tests.AutomationPracticeTest@6f96c77]" started-at="2025-12-17T00:29:55 MST" name="alertTest" finished-at="2025-12-17T00:29:56 MST" duration-ms="228" status="PASS">
          <reporter-output>
          </reporter-output>
        </test-method> <!-- alertTest -->
        <test-method is-config="true" signature="tearDown()[pri:0, instance:tests.AutomationPracticeTest@6f96c77]" started-at="2025-12-17T00:29:56 MST" name="tearDown" finished-at="2025-12-17T00:29:56 MST" duration-ms="172" status="PASS">
          <reporter-output>
          </reporter-output>
        </test-method> <!-- tearDown -->
      </class> <!-- tests.AutomationPracticeTest -->
    </test> <!-- Default test -->
  </suite> <!-- Default suite -->
</testng-results>
