<?xml version="1.0" encoding="UTF-8"?>
<!-- Generated by org.testng.reporters.JUnitReportReporter -->
<testsuite hostname="Roshan_Laptop" failures="0" tests="4" name="tests.AutomationPracticeTest" time="15.804" errors="0" timestamp="2025-12-17T00:43:47 MST" skipped="0">
  <testcase classname="tests.AutomationPracticeTest" name="alertTest" time="5.002"/>
  <testcase classname="tests.AutomationPracticeTest" name="dropdownTest" time="3.512"/>
  <testcase classname="tests.AutomationPracticeTest" name="checkboxTest" time="3.630"/>
  <testcase classname="tests.AutomationPracticeTest" name="radioButtonTest" time="3.660"/>
</testsuite> <!-- tests.AutomationPracticeTest -->
