<?xml version="1.0" encoding="UTF-8"?>
<!-- Generated by org.testng.reporters.JUnitReportReporter -->
<testsuite hostname="Roshan_Laptop" failures="0" tests="4" name="tests.AutomationPracticeTest" time="32.596" errors="0" timestamp="2025-12-17T00:34:21 MST" skipped="0">
  <testcase classname="tests.AutomationPracticeTest" name="alertTest" time="17.206"/>
  <testcase classname="tests.AutomationPracticeTest" name="dropdownTest" time="7.068"/>
  <testcase classname="tests.AutomationPracticeTest" name="radioButtonTest" time="4.059"/>
  <testcase classname="tests.AutomationPracticeTest" name="checkboxTest" time="4.263"/>
</testsuite> <!-- tests.AutomationPracticeTest -->
